<?xml version="1.0" encoding="UTF-8"?><testsuite errors="2" failures="0" name="RimacProcurador" skipped="0" tests="2" time="2.5" timestamp="2020-06-23 01:44:50"><testcase name="Finalizar Atencion"><error type="java.lang.NullPointerException"/><system-err>null&#13;
test.pages.LoginPage.getWDW(LoginPage.java:125)&#13;
test.pages.LoginPage.ingresarCredenciales(LoginPage.java:134)&#13;
test.steps.LoguinSteps.ingresarCrendeciales(LoguinSteps.java:35)&#13;
✽.ingreso usuario "procuradorautoapp1@gmail.com" y password "Test2020#"(src/test/resources/features/RimacProcurador.feature:26)&#13;
</system-err></testcase></testsuite>